<?xml version="1.0" encoding="UTF-8"?>
<testng-results ignored="0" total="1" passed="1" failed="0" skipped="0">
  <reporter-output>
  </reporter-output>
  <suite started-at="2023-07-05T22:52:46 IST" name="Default suite" finished-at="2023-07-05T22:52:51 IST" duration-ms="5374">
    <groups>
    </groups>
    <test started-at="2023-07-05T22:52:46 IST" name="Default test" finished-at="2023-07-05T22:52:51 IST" duration-ms="5374">
      <class name="RestAssuredCodes.Quary_Parameter">
        <test-method signature="filterData()[pri:0, instance:RestAssuredCodes.Quary_Parameter@49c7b90e]" started-at="2023-07-05T22:52:46 IST" name="filterData" finished-at="2023-07-05T22:52:51 IST" duration-ms="5283" status="PASS">
          <reporter-output>
          </reporter-output>
        </test-method> <!-- filterData -->
      </class> <!-- RestAssuredCodes.Quary_Parameter -->
    </test> <!-- Default test -->
  </suite> <!-- Default suite -->
</testng-results>
