<?xml version="1.0" encoding="UTF-8"?>
<testng-results ignored="0" total="1" passed="1" failed="0" skipped="0">
  <reporter-output>
  </reporter-output>
  <suite started-at="2023-07-04T11:04:50 IST" name="Default suite" finished-at="2023-07-04T11:04:58 IST" duration-ms="8352">
    <groups>
    </groups>
    <test started-at="2023-07-04T11:04:50 IST" name="Default test" finished-at="2023-07-04T11:04:58 IST" duration-ms="8352">
      <class name="RestAssuredCodes.Check_Valid_Response">
        <test-method signature="getSingleUser()[pri:0, instance:RestAssuredCodes.Check_Valid_Response@49c7b90e]" started-at="2023-07-04T11:04:50 IST" name="getSingleUser" finished-at="2023-07-04T11:04:58 IST" duration-ms="8255" status="PASS">
          <reporter-output>
          </reporter-output>
        </test-method> <!-- getSingleUser -->
      </class> <!-- RestAssuredCodes.Check_Valid_Response -->
    </test> <!-- Default test -->
  </suite> <!-- Default suite -->
</testng-results>
